<?xml version='1.0' encoding='UTF-8'?>
<testsuite hostname="celestic" name="parserSpec" tests="20" errors="0" failures="1" time="-0.02">
                     <properties>
[...]
</properties>
                     <testcase classname="parserSpec" name="(It is not a test)" time="-0.001">
                                                 
                                               </testcase><testcase classname="parserSpec" name="(It is not a test)" time="-0.001">
                                                 
                                               </testcase><testcase classname="parserSpec" name="(It is not a test)" time="-0.001">
                                                 
                                               </testcase><testcase classname="parserSpec" name="(It is not a test)" time="-0.001">
                                                 <failure message="'[1.5] parsed: TrueConst()' is not equal to 'TrueConst()'" type="java.lang.Exception">java.lang.Exception: '[1.5] parsed: TrueConst()' is not equal to 'TrueConst()'
	at parserSpec$$anonfun$1$$anonfun$apply$14.apply(Specs.scala:57)
	at parserSpec$$anonfun$1$$anonfun$apply$14.apply(Specs.scala:56)
</failure>
                                               </testcase><testcase classname="parserSpec" name="(It is not a test)" time="-0.001">
                                                 
                                               </testcase><testcase classname="parserSpec" name="(It is not a test)" time="-0.001">
                                                 
                                               </testcase><testcase classname="parserSpec" name="(It is not a test)" time="-0.001">
                                                 
                                               </testcase><testcase classname="parserSpec" name="(It is not a test)" time="-0.001">
                                                 
                                               </testcase><testcase classname="parserSpec" name="(It is not a test)" time="-0.001">
                                                 
                                               </testcase><testcase classname="parserSpec" name="(It is not a test)" time="-0.001">
                                                 
                                               </testcase><testcase classname="parserSpec" name="(It is not a test)" time="-0.001">
                                                 
                                               </testcase><testcase classname="parserSpec" name="(It is not a test)" time="-0.001">
                                                 
                                               </testcase><testcase classname="parserSpec" name="(It is not a test)" time="-0.001">
                                                 
                                               </testcase><testcase classname="parserSpec" name="(It is not a test)" time="-0.001">
                                                 
                                               </testcase><testcase classname="parserSpec" name="(It is not a test)" time="-0.001">
                                                 
                                               </testcase><testcase classname="parserSpec" name="(It is not a test)" time="-0.001">
                                                 
                                               </testcase><testcase classname="parserSpec" name="(It is not a test)" time="-0.001">
                                                 
                                               </testcase><testcase classname="parserSpec" name="(It is not a test)" time="-0.001">
                                                 
                                               </testcase><testcase classname="parserSpec" name="(It is not a test)" time="-0.001">
                                                 
                                               </testcase><testcase classname="parserSpec" name="(It is not a test)" time="-0.001">
                                                 
                                               </testcase>
                     <system-out></system-out>
                     <system-err></system-err>
                   </testsuite>